\BOOKMARK [1][-]{section.1}{Introduction}{}% 1
\BOOKMARK [1][-]{section.2}{Literature review}{}% 2
\BOOKMARK [1][-]{section.3}{Problem statement and model formulation}{}% 3
\BOOKMARK [2][-]{subsection.3.1}{Problem description}{section.3}% 4
\BOOKMARK [2][-]{subsection.3.2}{Arc-based formulation}{section.3}% 5
\BOOKMARK [2][-]{subsection.3.3}{Cycle-path formulation}{section.3}% 6
\BOOKMARK [1][-]{section.4}{Solution method}{}% 7
\BOOKMARK [2][-]{subsection.4.1}{Column generation}{section.4}% 8
\BOOKMARK [3][-]{subsubsection.4.1.1}{Restricted master problem}{subsection.4.1}% 9
\BOOKMARK [3][-]{subsubsection.4.1.2}{Cycle subproblem}{subsection.4.1}% 10
\BOOKMARK [3][-]{subsubsection.4.1.3}{Path subproblem}{subsection.4.1}% 11
\BOOKMARK [2][-]{subsection.4.2}{Cutting plane}{section.4}% 12
\BOOKMARK [3][-]{subsubsection.4.2.1}{Strong inequalities\(SI\)}{subsection.4.2}% 13
\BOOKMARK [3][-]{subsubsection.4.2.2}{Cutset inequalities\(CI\)}{subsection.4.2}% 14
\BOOKMARK [2][-]{subsection.4.3}{Local search}{section.4}% 15
\BOOKMARK [3][-]{subsubsection.4.3.1}{Stage 1: capacitated multi-commodity minimum cost flow problem \(CMCF\)}{subsection.4.3}% 16
\BOOKMARK [3][-]{subsubsection.4.3.2}{Stage 2: fleet assignment problem \(FAP\)}{subsection.4.3}% 17
\BOOKMARK [3][-]{subsubsection.4.3.3}{Cycle-based neighborhoods}{subsection.4.3}% 18
\BOOKMARK [1][-]{section.5}{Numerical experiments and analyses}{}% 19
\BOOKMARK [1][-]{section.6}{Conclusion}{}% 20
